<?xml version="1.0" encoding="UTF-8" ?>
<testsuites>
  <testsuite errors="0" failures="0" hostname="INnikhilsu.local" id="0" name="BibliotecaApplicationTest" package="com.thoughtworks.librarysys" skipped="0" tests="3" time="0.552" timestamp="2015-09-15T14:34:20">
      <properties>
[...]
</properties>

      <testcase classname="com.thoughtworks.librarysys.BibliotecaApplicationTest" name="shouldCreateAllTheObjectDependenciesForTheController" time="0.168" />

      <testcase classname="com.thoughtworks.librarysys.BibliotecaApplicationTest" name="shouldRunTheApplicationByCallingTheRunMethod" time="0.001" />

      <testcase classname="com.thoughtworks.librarysys.BibliotecaApplicationTest" name="shouldInitialiseTheApplicationByPrintingTheWelcomeMessageAndCreatingTheControllerObject" time="0.0" />

      <system-out><![CDATA[]]></system-out>

      <system-err><![CDATA[]]></system-err>

  </testsuite>
  <testsuite errors="0" failures="0" hostname="INnikhilsu.local" id="1" name="BookTest" package="com.thoughtworks.librarysys" skipped="0" tests="6" time="0.006" timestamp="2015-09-15T14:34:20">
      <properties>
[...]
</properties>

      <testcase classname="com.thoughtworks.librarysys.BookTest" name="isNotEqualToSomethingThatIsNotABook" time="0.001" />

      <testcase classname="com.thoughtworks.librarysys.BookTest" name="isNotEqualToNull" time="0.0" />

      <testcase classname="com.thoughtworks.librarysys.BookTest" name="isEqualToItself" time="0.0" />

      <testcase classname="com.thoughtworks.librarysys.BookTest" name="shouldHaveSameHashCodeComparingABookToAnotherBookWithSameState" time="0.0" />

      <testcase classname="com.thoughtworks.librarysys.BookTest" name="hasSameHashCodeWhenMoviesAreSame" time="0.001" />

      <testcase classname="com.thoughtworks.librarysys.BookTest" name="shouldReturnTheNameOfTheBookAuthorAndYearOfPublicationInAFormattedString" time="0.0" />

      <system-out><![CDATA[]]></system-out>

      <system-err><![CDATA[]]></system-err>

  </testsuite>
  <testsuite errors="0" failures="0" hostname="INnikhilsu.local" id="2" name="BooksTest" package="com.thoughtworks.librarysys" skipped="0" tests="6" time="0.028" timestamp="2015-09-15T14:34:20">
      <properties>
[...]
</properties>

      <testcase classname="com.thoughtworks.librarysys.BooksTest" name="shouldNotReturnABookThatDoesNotBelongToTheLibrary" time="0.009" />

      <testcase classname="com.thoughtworks.librarysys.BooksTest" name="cannotCheckoutABookThatIsNotPresentInTheLibrary" time="0.0" />

      <testcase classname="com.thoughtworks.librarysys.BooksTest" name="shouldContainTheBookWhichWasReturnedInTheListOfAvailableBooks" time="0.004" />

      <testcase classname="com.thoughtworks.librarysys.BooksTest" name="shouldNotIncludeABookInItsListOnceItIsCheckedOut" time="0.0" />

      <testcase classname="com.thoughtworks.librarysys.BooksTest" name="shouldReturnTheNamesOfAllTheBooksInTheList" time="0.009" />

      <testcase classname="com.thoughtworks.librarysys.BooksTest" name="shouldReturnACheckedOutBookToTheLibrary" time="0.0" />

      <system-out><![CDATA[]]></system-out>

      <system-err><![CDATA[]]></system-err>

  </testsuite>
  <testsuite errors="0" failures="0" hostname="INnikhilsu.local" id="3" name="CheckoutBookMenuItemTest" package="com.thoughtworks.librarysys" skipped="0" tests="2" time="0.021" timestamp="2015-09-15T14:34:21">
      <properties>
[...]
</properties>

      <testcase classname="com.thoughtworks.librarysys.CheckoutBookMenuItemTest" name="shouldCheckoutABookFromTheListOfBooksInTheLibraryByInputtingTheNameOfTheBook" time="0.016" />

      <testcase classname="com.thoughtworks.librarysys.CheckoutBookMenuItemTest" name="shouldNotCheckOutABookFromTheLibraryIfItIsNotABookFromTheLibrary" time="0.001" />

      <system-out><![CDATA[]]></system-out>

      <system-err><![CDATA[]]></system-err>

  </testsuite>
  <testsuite errors="0" failures="0" hostname="INnikhilsu.local" id="4" name="CheckoutMovieMenuItemTest" package="com.thoughtworks.librarysys" skipped="0" tests="2" time="0.007" timestamp="2015-09-15T14:34:21">
      <properties>
[...]
</properties>

      <testcase classname="com.thoughtworks.librarysys.CheckoutMovieMenuItemTest" name="shouldNotCheckOutAMovieFromTheLibraryIfItIsNotAMovieFromTheLibrary" time="0.002" />

      <testcase classname="com.thoughtworks.librarysys.CheckoutMovieMenuItemTest" name="shouldCheckoutAMovieFromTheListOfMoviesInTheLibraryByInputtingTheNameOfTheMovie" time="0.001" />

      <system-out><![CDATA[]]></system-out>

      <system-err><![CDATA[]]></system-err>

  </testsuite>
  <testsuite errors="0" failures="0" hostname="INnikhilsu.local" id="5" name="ConsoleViewTest" package="com.thoughtworks.librarysys" skipped="0" tests="2" time="0.031" timestamp="2015-09-15T14:34:21">
      <properties>
[...]
</properties>

      <testcase classname="com.thoughtworks.librarysys.ConsoleViewTest" name="shouldReturnTheUserInputString" time="0.003" />

      <testcase classname="com.thoughtworks.librarysys.ConsoleViewTest" name="shouldDisplayAStringPassedToItOnTheConsole" time="0.023" />

      <system-out><![CDATA[]]></system-out>

      <system-err><![CDATA[]]></system-err>

  </testsuite>
  <testsuite errors="0" failures="0" hostname="INnikhilsu.local" id="6" name="ControllerTest" package="com.thoughtworks.librarysys" skipped="0" tests="1" time="0.02" timestamp="2015-09-15T14:34:21">
      <properties>
[...]
</properties>

      <testcase classname="com.thoughtworks.librarysys.ControllerTest" name="shouldCheckoutABookWhoseNameIsPassedAsInputToTheApplicationWhenTheUserSelectsTheCheckoutMenuItem" time="0.017" />

      <system-out><![CDATA[]]></system-out>

      <system-err><![CDATA[]]></system-err>

  </testsuite>
  <testsuite errors="0" failures="0" hostname="INnikhilsu.local" id="7" name="InputParserTest" package="com.thoughtworks.librarysys" skipped="0" tests="7" time="0.011" timestamp="2015-09-15T14:34:21">
      <properties>
[...]
</properties>

      <testcase classname="com.thoughtworks.librarysys.InputParserTest" name="shouldReturnAnObjectOfTypeListMoviesItemWhenTheUsersChoiceOfMenuItemIsFive" time="0.001" />

      <testcase classname="com.thoughtworks.librarysys.InputParserTest" name="shouldReturnAnObjectOfTypeReturnBookMenuItemWhenTheUsersChoiceOfMenuItemIsThree" time="0.0" />

      <testcase classname="com.thoughtworks.librarysys.InputParserTest" name="shouldReturnAnObjectOfTypeQuitMenuItemWhenTheUsersChoiceOfMenuItemIsFour" time="0.0" />

      <testcase classname="com.thoughtworks.librarysys.InputParserTest" name="shouldReturnAnObjectOfTypeListBooksWhenTheUsersChoiceOfMenuItemIsOne" time="0.0" />

      <testcase classname="com.thoughtworks.librarysys.InputParserTest" name="shouldReturnAnObjectOfTypeCheckoutBookMenuItemWhenTheUsersChoiceOfMenuItemIsTwo" time="0.001" />

      <testcase classname="com.thoughtworks.librarysys.InputParserTest" name="shouldReturnAnObjectOfTypeInvalidMenuChoiceWhenTheUsersChoiceOfMenuItemIsInvalid" time="0.001" />

      <testcase classname="com.thoughtworks.librarysys.InputParserTest" name="shouldReturnAnObjectOfTypeCheckoutMovieItemWhenTheUsersChoiceOfMenuItemIsSix" time="0.0" />

      <system-out><![CDATA[]]></system-out>

      <system-err><![CDATA[]]></system-err>

  </testsuite>
  <testsuite errors="0" failures="0" hostname="INnikhilsu.local" id="8" name="InvalidMenuItemTest" package="com.thoughtworks.librarysys" skipped="0" tests="2" time="0.004" timestamp="2015-09-15T14:34:21">
      <properties>
[...]
</properties>

      <testcase classname="com.thoughtworks.librarysys.InvalidMenuItemTest" name="shouldReturnTheStringSelectValidChoiceWhenPerformOperationMethodIsCalled" time="0.001" />

      <testcase classname="com.thoughtworks.librarysys.InvalidMenuItemTest" name="shouldReturnTheStringSelectAValidChoiceWhenToStringMethodIsCalled" time="0.0" />

      <system-out><![CDATA[]]></system-out>

      <system-err><![CDATA[]]></system-err>

  </testsuite>
  <testsuite errors="0" failures="0" hostname="INnikhilsu.local" id="9" name="LibraryObserverTest" package="com.thoughtworks.librarysys" skipped="0" tests="6" time="0.007" timestamp="2015-09-15T14:34:21">
      <properties>
[...]
</properties>

      <testcase classname="com.thoughtworks.librarysys.LibraryObserverTest" name="shouldPrintTheSuccessfulCheckoutMessageOntoTheConsole" time="0.001" />

      <testcase classname="com.thoughtworks.librarysys.LibraryObserverTest" name="shouldPrintTheSuccessfulCheckoutMessageOntoTheConsoleWhenMovieIsCheckedOut" time="0.0" />

      <testcase classname="com.thoughtworks.librarysys.LibraryObserverTest" name="shouldPrintTheUnsuccessfulCheckoutMessageOntoTheConsole" time="0.0" />

      <testcase classname="com.thoughtworks.librarysys.LibraryObserverTest" name="shouldPrintTheSuccessfulReturnMessageOntoTheConsole" time="0.0" />

      <testcase classname="com.thoughtworks.librarysys.LibraryObserverTest" name="shouldPrintTheUnsuccessfulReturnMessageOntoTheConsole" time="0.001" />

      <testcase classname="com.thoughtworks.librarysys.LibraryObserverTest" name="shouldPrintTheUnsuccessfulCheckoutMessageOntoTheConsoleWhenMovieIsCheckedOut" time="0.0" />

      <system-out><![CDATA[]]></system-out>

      <system-err><![CDATA[]]></system-err>

  </testsuite>
  <testsuite errors="0" failures="0" hostname="INnikhilsu.local" id="10" name="LibraryTest" package="com.thoughtworks.librarysys" skipped="0" tests="5" time="0.017" timestamp="2015-09-15T14:34:21">
      <properties>
[...]
</properties>

      <testcase classname="com.thoughtworks.librarysys.LibraryTest" name="shouldCheckOutAMoviePassedToIt" time="0.01" />

      <testcase classname="com.thoughtworks.librarysys.LibraryTest" name="shouldListTheDetailsOfBooksOfTheLibrary" time="0.0" />

      <testcase classname="com.thoughtworks.librarysys.LibraryTest" name="shouldReturnABook" time="0.0" />

      <testcase classname="com.thoughtworks.librarysys.LibraryTest" name="shouldListTheDetailsOfMoviesOfTheLibrary" time="0.001" />

      <testcase classname="com.thoughtworks.librarysys.LibraryTest" name="shouldCheckOutABookPassedToIt" time="0.001" />

      <system-out><![CDATA[]]></system-out>

      <system-err><![CDATA[]]></system-err>

  </testsuite>
  <testsuite errors="0" failures="0" hostname="INnikhilsu.local" id="11" name="ListBooksMenuItemTest" package="com.thoughtworks.librarysys" skipped="0" tests="2" time="0.009" timestamp="2015-09-15T14:34:21">
      <properties>
[...]
</properties>

      <testcase classname="com.thoughtworks.librarysys.ListBooksMenuItemTest" name="shouldReturnTheListOfAllTheBooksInTheLibrary" time="0.003" />

      <testcase classname="com.thoughtworks.librarysys.ListBooksMenuItemTest" name="shouldReturnTheListOfAllTheBooksInTheLibraryWhenToStringMethodIsInvoked" time="0.003" />

      <system-out><![CDATA[]]></system-out>

      <system-err><![CDATA[]]></system-err>

  </testsuite>
  <testsuite errors="0" failures="0" hostname="INnikhilsu.local" id="12" name="ListMovieMenuItemTest" package="com.thoughtworks.librarysys" skipped="0" tests="2" time="0.009" timestamp="2015-09-15T14:34:21">
      <properties>
[...]
</properties>

      <testcase classname="com.thoughtworks.librarysys.ListMovieMenuItemTest" name="shouldPrintTheListOfMoviePresentInTheLibrary" time="0.003" />

      <testcase classname="com.thoughtworks.librarysys.ListMovieMenuItemTest" name="shouldPrintTheListOfMoviePresentInTheLibraryWhenTheToStringMethodIsCalled" time="0.003" />

      <system-out><![CDATA[]]></system-out>

      <system-err><![CDATA[]]></system-err>

  </testsuite>
  <testsuite errors="0" failures="0" hostname="INnikhilsu.local" id="13" name="MenuItemTest" package="com.thoughtworks.librarysys" skipped="0" tests="2" time="0.004" timestamp="2015-09-15T14:34:21">
      <properties>
[...]
</properties>

      <testcase classname="com.thoughtworks.librarysys.MenuItemTest" name="shouldDisplayTheMainMenuWhenToStringIsCalled" time="0.0" />

      <testcase classname="com.thoughtworks.librarysys.MenuItemTest" name="shouldDisplayTheMainMenuWhenPerformOperationIsCalled" time="0.001" />

      <system-out><![CDATA[]]></system-out>

      <system-err><![CDATA[]]></system-err>

  </testsuite>
  <testsuite errors="0" failures="0" hostname="INnikhilsu.local" id="14" name="MovieTest" package="com.thoughtworks.librarysys" skipped="0" tests="8" time="0.007" timestamp="2015-09-15T14:34:21">
      <properties>
[...]
</properties>

      <testcase classname="com.thoughtworks.librarysys.MovieTest" name="shouldNotBeEqualToAnotherMovie" time="0.0" />

      <testcase classname="com.thoughtworks.librarysys.MovieTest" name="shouldHaveSameHashCodeWhenTheObjectsAreSame" time="0.001" />

      <testcase classname="com.thoughtworks.librarysys.MovieTest" name="shouldBeEqualToItself" time="0.0" />

      <testcase classname="com.thoughtworks.librarysys.MovieTest" name="shouldReturnTheNameOfTheMovieYearOfReleaaseDirectorAndRatingInAFormattedString" time="0.001" />

      <testcase classname="com.thoughtworks.librarysys.MovieTest" name="twoMoviesShouldHaveSameHashCodesWhenTheirStatesAreTheSame" time="0.0" />

      <testcase classname="com.thoughtworks.librarysys.MovieTest" name="shouldNotBeEqualToNull" time="0.0" />

      <testcase classname="com.thoughtworks.librarysys.MovieTest" name="shouldNotBeEqualoSomethingThatIsNotAMovie" time="0.0" />

      <testcase classname="com.thoughtworks.librarysys.MovieTest" name="shouldBeEqualToAnotherMovieWithTheSameName" time="0.0" />

      <system-out><![CDATA[]]></system-out>

      <system-err><![CDATA[]]></system-err>

  </testsuite>
  <testsuite errors="0" failures="0" hostname="INnikhilsu.local" id="15" name="MoviesTest" package="com.thoughtworks.librarysys" skipped="0" tests="3" time="0.008" timestamp="2015-09-15T14:34:21">
      <properties>
[...]
</properties>

      <testcase classname="com.thoughtworks.librarysys.MoviesTest" name="shouldNotCheckOutAMovieThatIsNotPresentInTheLibrary" time="0.001" />

      <testcase classname="com.thoughtworks.librarysys.MoviesTest" name="shouldCheckoutAMovieThatIsPresentInTheLibrary" time="0.0" />

      <testcase classname="com.thoughtworks.librarysys.MoviesTest" name="shouldReturnTheNamesOfAllTheMovieList" time="0.002" />

      <system-out><![CDATA[]]></system-out>

      <system-err><![CDATA[]]></system-err>

  </testsuite>
  <testsuite errors="0" failures="0" hostname="INnikhilsu.local" id="16" name="QuitMenuItemTest" package="com.thoughtworks.librarysys" skipped="0" tests="1" time="0.015" timestamp="2015-09-15T14:34:21">
      <properties>
[...]
</properties>

      <testcase classname="com.thoughtworks.librarysys.QuitMenuItemTest" name="shouldExitTheApplicationWhenThePerformOperationMethodIsCalled" time="0.008" />

      <system-out><![CDATA[]]></system-out>

      <system-err><![CDATA[]]></system-err>

  </testsuite>
  <testsuite errors="0" failures="0" hostname="INnikhilsu.local" id="17" name="ReturnBookMenuItemTest" package="com.thoughtworks.librarysys" skipped="0" tests="2" time="0.005" timestamp="2015-09-15T14:34:21">
      <properties>
[...]
</properties>

      <testcase classname="com.thoughtworks.librarysys.ReturnBookMenuItemTest" name="shouldNotReturnABookToTheLibraryThatDoesNotBelongToIt" time="0.001" />

      <testcase classname="com.thoughtworks.librarysys.ReturnBookMenuItemTest" name="shouldReturnABookFromTheUserToTheLibraryByTheInputNameOfTheBook" time="0.001" />

      <system-out><![CDATA[]]></system-out>

      <system-err><![CDATA[]]></system-err>

  </testsuite>
  <testsuite errors="0" failures="0" hostname="INnikhilsu.local" id="18" name="WelcomeUserTest" package="com.thoughtworks.librarysys" skipped="0" tests="1" time="0.004" timestamp="2015-09-15T14:34:21">
      <properties>
[...]
</properties>

      <testcase classname="com.thoughtworks.librarysys.WelcomeUserTest" name="shouldPrintAWelcomeMessageToGreetTheUser" time="0.0" />

      <system-out><![CDATA[]]></system-out>

      <system-err><![CDATA[]]></system-err>

  </testsuite>
</testsuites>
